0 info it worked if it ends with ok
1 verbose cli [ '/usr/bin/node', '/usr/bin/npm', 'run', 'frontend' ]
2 info using npm@3.5.2
3 info using node@v8.10.0
4 verbose run-script [ 'prefrontend', 'frontend', 'postfrontend' ]
5 info lifecycle deernation-web-frontend@1.0.0~prefrontend: deernation-web-frontend@1.0.0
6 silly lifecycle deernation-web-frontend@1.0.0~prefrontend: no script for prefrontend, continuing
7 info lifecycle deernation-web-frontend@1.0.0~frontend: deernation-web-frontend@1.0.0
8 verbose lifecycle deernation-web-frontend@1.0.0~frontend: unsafe-perm in lifecycle true
9 verbose lifecycle deernation-web-frontend@1.0.0~frontend: PATH: /usr/share/npm/bin/node-gyp-bin:/home/tobiasb/develop/DeerNation/frontend/node_modules/.bin:/home/tobiasb/bin:/home/tobiasb/.local/bin:/usr/local/sbin:/usr/local/bin:/usr/sbin:/usr/bin:/sbin:/bin:/usr/games:/usr/local/games:/snap/bin
10 verbose lifecycle deernation-web-frontend@1.0.0~frontend: CWD: /home/tobiasb/develop/DeerNation/frontend
11 silly lifecycle deernation-web-frontend@1.0.0~frontend: Args: [ '-c', 'ENV=dev cd app && qx serve' ]
12 silly lifecycle deernation-web-frontend@1.0.0~frontend: Returned: code: 1  signal: null
13 info lifecycle deernation-web-frontend@1.0.0~frontend: Failed to exec frontend script
14 verbose stack Error: deernation-web-frontend@1.0.0 frontend: `ENV=dev cd app && qx serve`
14 verbose stack Exit status 1
14 verbose stack     at EventEmitter.<anonymous> (/usr/share/npm/lib/utils/lifecycle.js:232:16)
14 verbose stack     at emitTwo (events.js:126:13)
14 verbose stack     at EventEmitter.emit (events.js:214:7)
14 verbose stack     at ChildProcess.<anonymous> (/usr/share/npm/lib/utils/spawn.js:24:14)
14 verbose stack     at emitTwo (events.js:126:13)
14 verbose stack     at ChildProcess.emit (events.js:214:7)
14 verbose stack     at maybeClose (internal/child_process.js:925:16)
14 verbose stack     at Process.ChildProcess._handle.onexit (internal/child_process.js:209:5)
15 verbose pkgid deernation-web-frontend@1.0.0
16 verbose cwd /home/tobiasb/develop/DeerNation/frontend
17 error Linux 4.15.0-29-generic
18 error argv "/usr/bin/node" "/usr/bin/npm" "run" "frontend"
19 error node v8.10.0
20 error npm  v3.5.2
21 error code ELIFECYCLE
22 error deernation-web-frontend@1.0.0 frontend: `ENV=dev cd app && qx serve`
22 error Exit status 1
23 error Failed at the deernation-web-frontend@1.0.0 frontend script 'ENV=dev cd app && qx serve'.
23 error Make sure you have the latest version of node.js and npm installed.
23 error If you do, this is most likely a problem with the deernation-web-frontend package,
23 error not with npm itself.
23 error Tell the author that this fails on your system:
23 error     ENV=dev cd app && qx serve
23 error You can get information on how to open an issue for this project with:
23 error     npm bugs deernation-web-frontend
23 error Or if that isn't available, you can get their info via:
23 error     npm owner ls deernation-web-frontend
23 error There is likely additional logging output above.
24 verbose exit [ 1, true ]
